mode: set
github.com/GolangToolKits/grrt/matcher.go:16.37,19.2 2 1
github.com/GolangToolKits/grrt/matcher.go:21.31,23.2 1 0
github.com/GolangToolKits/grrt/matcher.go:25.31,27.2 1 0
github.com/GolangToolKits/grrt/matcher.go:29.46,31.17 2 1
github.com/GolangToolKits/grrt/matcher.go:35.2,35.12 1 1
github.com/GolangToolKits/grrt/matcher.go:31.17,34.3 2 1
github.com/GolangToolKits/grrt/reqRoute.go:27.32,33.2 5 1
github.com/GolangToolKits/grrt/reqRoute.go:36.56,37.14 1 1
github.com/GolangToolKits/grrt/reqRoute.go:40.2,40.10 1 1
github.com/GolangToolKits/grrt/reqRoute.go:37.14,39.3 1 1
github.com/GolangToolKits/grrt/reqRoute.go:44.82,46.2 1 1
github.com/GolangToolKits/grrt/reqRoute.go:49.41,50.44 1 1
github.com/GolangToolKits/grrt/reqRoute.go:57.2,57.10 1 1
github.com/GolangToolKits/grrt/reqRoute.go:50.44,52.31 2 1
github.com/GolangToolKits/grrt/reqRoute.go:55.3,55.18 1 1
github.com/GolangToolKits/grrt/reqRoute.go:52.31,54.4 1 1
github.com/GolangToolKits/grrt/reqRoute.go:61.48,63.23 2 1
github.com/GolangToolKits/grrt/reqRoute.go:66.2,67.10 2 1
github.com/GolangToolKits/grrt/reqRoute.go:63.23,65.3 1 1
github.com/GolangToolKits/grrt/reqRoute.go:71.43,73.2 1 1
github.com/GolangToolKits/grrt/reqRoute.go:76.51,78.26 2 1
github.com/GolangToolKits/grrt/reqRoute.go:88.2,88.12 1 1
github.com/GolangToolKits/grrt/reqRoute.go:78.26,80.3 1 0
github.com/GolangToolKits/grrt/reqRoute.go:80.8,81.33 1 1
github.com/GolangToolKits/grrt/reqRoute.go:81.33,82.15 1 1
github.com/GolangToolKits/grrt/reqRoute.go:82.15,84.10 2 1
github.com/GolangToolKits/grrt/reqRoute.go:97.46,99.2 1 1
github.com/GolangToolKits/grrt/reqRoute.go:102.37,104.2 1 1
github.com/GolangToolKits/grrt/reqRoute.go:107.44,109.2 1 1
github.com/GolangToolKits/grrt/reqRoute.go:112.36,114.2 1 1
github.com/GolangToolKits/grrt/reqRoute.go:116.45,118.73 2 1
github.com/GolangToolKits/grrt/reqRoute.go:123.2,123.12 1 1
github.com/GolangToolKits/grrt/reqRoute.go:118.73,120.3 1 1
github.com/GolangToolKits/grrt/reqRoute.go:120.8,122.3 1 1
github.com/GolangToolKits/grrt/reqRoute.go:126.47,131.22 5 1
github.com/GolangToolKits/grrt/reqRoute.go:138.2,138.13 1 1
github.com/GolangToolKits/grrt/reqRoute.go:143.2,143.12 1 1
github.com/GolangToolKits/grrt/reqRoute.go:131.22,132.16 1 1
github.com/GolangToolKits/grrt/reqRoute.go:132.16,134.4 1 1
github.com/GolangToolKits/grrt/reqRoute.go:134.9,134.25 1 1
github.com/GolangToolKits/grrt/reqRoute.go:134.25,136.4 1 1
github.com/GolangToolKits/grrt/reqRoute.go:138.13,140.3 1 1
github.com/GolangToolKits/grrt/reqRoute.go:140.8,142.3 1 1
github.com/GolangToolKits/grrt/reqRoute.go:146.55,153.22 6 1
github.com/GolangToolKits/grrt/reqRoute.go:169.2,169.12 1 1
github.com/GolangToolKits/grrt/reqRoute.go:153.22,154.31 1 1
github.com/GolangToolKits/grrt/reqRoute.go:161.3,161.31 1 1
github.com/GolangToolKits/grrt/reqRoute.go:154.31,157.9 3 1
github.com/GolangToolKits/grrt/reqRoute.go:158.9,158.21 1 1
github.com/GolangToolKits/grrt/reqRoute.go:158.21,160.4 1 1
github.com/GolangToolKits/grrt/reqRoute.go:161.31,164.9 3 1
github.com/GolangToolKits/grrt/reqRoute.go:165.9,165.21 1 1
github.com/GolangToolKits/grrt/reqRoute.go:165.21,167.4 1 1
github.com/GolangToolKits/grrt/reqRoute.go:172.50,176.22 4 1
github.com/GolangToolKits/grrt/reqRoute.go:194.2,194.12 1 1
github.com/GolangToolKits/grrt/reqRoute.go:176.22,177.24 1 1
github.com/GolangToolKits/grrt/reqRoute.go:177.24,180.9 3 1
github.com/GolangToolKits/grrt/reqRoute.go:181.9,181.20 1 1
github.com/GolangToolKits/grrt/reqRoute.go:181.20,182.32 1 1
github.com/GolangToolKits/grrt/reqRoute.go:182.32,185.10 3 1
github.com/GolangToolKits/grrt/reqRoute.go:186.10,186.39 1 1
github.com/GolangToolKits/grrt/reqRoute.go:186.39,188.5 1 1
github.com/GolangToolKits/grrt/reqRoute.go:188.10,188.39 1 1
github.com/GolangToolKits/grrt/reqRoute.go:188.39,191.5 2 1
github.com/GolangToolKits/grrt/reqRoute.go:197.73,206.22 8 1
github.com/GolangToolKits/grrt/reqRoute.go:223.2,223.14 1 1
github.com/GolangToolKits/grrt/reqRoute.go:231.2,231.19 1 1
github.com/GolangToolKits/grrt/reqRoute.go:206.22,207.14 1 1
github.com/GolangToolKits/grrt/reqRoute.go:213.3,213.14 1 1
github.com/GolangToolKits/grrt/reqRoute.go:216.3,216.30 1 1
github.com/GolangToolKits/grrt/reqRoute.go:207.14,209.17 2 1
github.com/GolangToolKits/grrt/reqRoute.go:209.17,211.5 1 1
github.com/GolangToolKits/grrt/reqRoute.go:213.14,215.4 1 1
github.com/GolangToolKits/grrt/reqRoute.go:216.30,221.4 4 1
github.com/GolangToolKits/grrt/reqRoute.go:223.14,224.41 1 1
github.com/GolangToolKits/grrt/reqRoute.go:224.41,226.4 1 1
github.com/GolangToolKits/grrt/reqRoute.go:228.8,230.3 1 1
github.com/GolangToolKits/grrt/reqRoute.go:234.55,238.2 3 1
github.com/GolangToolKits/grrt/reqRouter.go:18.70,22.33 4 1
github.com/GolangToolKits/grrt/reqRouter.go:22.33,24.3 1 1
github.com/GolangToolKits/grrt/reqRouter.go:24.8,24.42 1 1
github.com/GolangToolKits/grrt/reqRouter.go:24.42,26.3 1 1
github.com/GolangToolKits/grrt/reqRouter.go:26.8,29.3 2 1
github.com/GolangToolKits/grrt/reqRouter.go:33.37,37.2 3 1
github.com/GolangToolKits/grrt/reqRouter.go:40.94,44.2 3 1
github.com/GolangToolKits/grrt/reqRouter.go:46.48,50.2 3 1
github.com/GolangToolKits/grrt/router.go:17.25,20.2 2 1
